<?xml version="1.0" encoding="UTF-8"?>
<!-- Generated by org.testng.reporters.JUnitReportReporter -->
<testsuite hostname="DESKTOP-L0CPOHI" failures="0" tests="1" name="webapptesting.demowebapptesting" time="0.983" errors="0" timestamp="2022-08-18T14:39:47 IST" skipped="0">
  <testcase classname="webapptesting.demowebapptesting" name="Testcase" time="0.983"/>
  <system-out/>
</testsuite> <!-- webapptesting.demowebapptesting -->
